2018-07-03 09:42:19.199 DEBUG:4651:tools/checkurl1.go:33: 江西都市|http://Live02.jxtvcn.com.cn/live/fdc9ca24357649959c99f1c37eb76611.m3u8?fmt=h264_500k_ts&m3u8
/usr/bin/ffmpeg -i 'http://Live02.jxtvcn.com.cn/live/fdc9ca24357649959c99f1c37eb76611.m3u8?fmt=h264_500k_ts&m3u8' -y -s 320x240 -vframes 1 aaa.jpg
2018-07-03 09:42:19.978 ERROR:4651:util/string.go:45: exit status 1
2018-07-03 09:42:19.978 DEBUG:4651:tools/checkurl1.go:33: 江西经济生活|http://Live02.jxtvcn.com.cn/live/bab644cf47ec48459835939552cc8833.m3u8?fmt=h264_500k_ts&m3u8
/usr/bin/ffmpeg -i 'http://Live02.jxtvcn.com.cn/live/bab644cf47ec48459835939552cc8833.m3u8?fmt=h264_500k_ts&m3u8' -y -s 320x240 -vframes 1 aaa.jpg
2018-07-03 09:42:20.051 ERROR:4651:util/string.go:45: exit status 1
2018-07-03 09:42:20.051 DEBUG:4651:tools/checkurl1.go:33: 江西影视娱乐|http://Live02.jxtvcn.com.cn/live/efbb81cbf9b0452fa810c376891f944a.m3u8?fmt=h264_500k_ts&m3u8
/usr/bin/ffmpeg -i 'http://Live02.jxtvcn.com.cn/live/efbb81cbf9b0452fa810c376891f944a.m3u8?fmt=h264_500k_ts&m3u8' -y -s 320x240 -vframes 1 aaa.jpg
2018-07-03 09:42:20.217 ERROR:4651:util/string.go:45: exit status 1
2018-07-03 09:42:20.218 DEBUG:4651:tools/checkurl1.go:33: 江西公共|http://Live02.jxtvcn.com.cn/live/193223a69fc045f99500aed9fe019112.m3u8?fmt=h264_500k_ts&m3u8
/usr/bin/ffmpeg -i 'http://Live02.jxtvcn.com.cn/live/193223a69fc045f99500aed9fe019112.m3u8?fmt=h264_500k_ts&m3u8' -y -s 320x240 -vframes 1 aaa.jpg
2018-07-03 09:42:20.29 ERROR:4651:util/string.go:45: exit status 1
2018-07-03 09:42:20.29 DEBUG:4651:tools/checkurl1.go:33: 江西少儿|http://Live02.jxtvcn.com.cn/live/159dcf8ce67f445d80e3c53c0d1eef60.m3u8?fmt=h264_500k_ts&m3u8
/usr/bin/ffmpeg -i 'http://Live02.jxtvcn.com.cn/live/159dcf8ce67f445d80e3c53c0d1eef60.m3u8?fmt=h264_500k_ts&m3u8' -y -s 320x240 -vframes 1 aaa.jpg
2018-07-03 09:42:20.392 ERROR:4651:util/string.go:45: exit status 1
2018-07-03 09:42:20.392 DEBUG:4651:tools/checkurl1.go:33: 江西电影|http://Live02.jxtvcn.com.cn/live/ef3f182f42c24b92a3c246de9bc43a16.m3u8?fmt=h264_500k_ts&m3u8
/usr/bin/ffmpeg -i 'http://Live02.jxtvcn.com.cn/live/ef3f182f42c24b92a3c246de9bc43a16.m3u8?fmt=h264_500k_ts&m3u8' -y -s 320x240 -vframes 1 aaa.jpg
2018-07-03 09:42:20.525 ERROR:4651:util/string.go:45: exit status 1
2018-07-03 09:42:20.525 DEBUG:4651:tools/checkurl1.go:33: 江西移动电视|http://Live02.jxtvcn.com.cn/live/1de01e46f90e456f86b0b38f60403dba.m3u8?fmt=h264_500k_ts&m3u
/usr/bin/ffmpeg -i 'http://Live02.jxtvcn.com.cn/live/1de01e46f90e456f86b0b38f60403dba.m3u8?fmt=h264_500k_ts&m3u' -y -s 320x240 -vframes 1 aaa.jpg
2018-07-03 09:42:20.616 ERROR:4651:util/string.go:45: exit status 1
2018-07-03 09:42:20.616 DEBUG:4651:tools/checkurl1.go:33: 德兴新闻综合|http://218.64.168.174:5011/vod/hls/c01/live.m3u8
/usr/bin/ffmpeg -i 'http://218.64.168.174:5011/vod/hls/c01/live.m3u8' -y -s 320x240 -vframes 1 aaa.jpg
2018-07-03 09:42:25.745 ERROR:4651:util/string.go:45: exit status 1
2018-07-03 09:42:25.745 DEBUG:4651:tools/checkurl1.go:33: 德兴城市生活|http://218.64.168.174:5011/vod/hls/c02/live.m3u8
/usr/bin/ffmpeg -i 'http://218.64.168.174:5011/vod/hls/c02/live.m3u8' -y -s 320x240 -vframes 1 aaa.jpg
2018-07-03 09:42:30.873 ERROR:4651:util/string.go:45: exit status 1
2018-07-03 09:42:30.873 DEBUG:4651:tools/checkurl1.go:33: 德兴图文频道|http://218.64.168.174:5011/vod/hls/c03/live.m3u8
/usr/bin/ffmpeg -i 'http://218.64.168.174:5011/vod/hls/c03/live.m3u8' -y -s 320x240 -vframes 1 aaa.jpg
2018-07-03 09:42:36.01 ERROR:4651:util/string.go:45: exit status 1
2018-07-03 09:42:36.01 DEBUG:4651:tools/checkurl1.go:33: 安源电视台|http://117.40.225.213:1936/live/stream:aytv.stream/playlist.m3u8
/usr/bin/ffmpeg -i 'http://117.40.225.213:1936/live/stream:aytv.stream/playlist.m3u8' -y -s 320x240 -vframes 1 aaa.jpg
SUCCESS安源电视台	http://117.40.225.213:1936/live/stream:aytv.stream/playlist.m3u8
2018-07-03 09:42:36.473 DEBUG:4651:tools/checkurl1.go:33: 上饶新闻综合|http://171.35.103.35:8011/hls-live/live/_definst_/liveevent/srtv1.m3u8
/usr/bin/ffmpeg -i 'http://171.35.103.35:8011/hls-live/live/_definst_/liveevent/srtv1.m3u8' -y -s 320x240 -vframes 1 aaa.jpg
2018-07-03 09:42:36.51 ERROR:4651:util/string.go:45: exit status 1
2018-07-03 09:42:36.51 DEBUG:4651:tools/checkurl1.go:33: 上饶旅游经济|http://171.35.103.35:8011/hls-live/live/_definst_/liveevent/srtv2.m3u8
/usr/bin/ffmpeg -i 'http://171.35.103.35:8011/hls-live/live/_definst_/liveevent/srtv2.m3u8' -y -s 320x240 -vframes 1 aaa.jpg
2018-07-03 09:42:36.557 ERROR:4651:util/string.go:45: exit status 1
2018-07-03 09:42:36.557 DEBUG:4651:tools/checkurl1.go:33: 上饶青少娱乐|http://171.35.103.35:8011/hls-live/live/_definst_/liveevent/srtv3.m3u8
/usr/bin/ffmpeg -i 'http://171.35.103.35:8011/hls-live/live/_definst_/liveevent/srtv3.m3u8' -y -s 320x240 -vframes 1 aaa.jpg
2018-07-03 09:42:36.601 ERROR:4651:util/string.go:45: exit status 1
2018-07-03 09:42:36.601 DEBUG:4651:tools/checkurl1.go:33: 上饶都市生活|http://171.35.103.35:8011/hls-live/live/_definst_/liveevent/srtv4.m3u8
/usr/bin/ffmpeg -i 'http://171.35.103.35:8011/hls-live/live/_definst_/liveevent/srtv4.m3u8' -y -s 320x240 -vframes 1 aaa.jpg
2018-07-03 09:42:36.651 ERROR:4651:util/string.go:45: exit status 1
2018-07-03 09:42:36.651 DEBUG:4651:tools/checkurl1.go:33: 新余新闻综合|http://vod.xy0790.com.cn:9600/live/live1/tzwj_video.m3u8
/usr/bin/ffmpeg -i 'http://vod.xy0790.com.cn:9600/live/live1/tzwj_video.m3u8' -y -s 320x240 -vframes 1 aaa.jpg
2018-07-03 09:42:41.85 ERROR:4651:util/string.go:45: exit status 1
2018-07-03 09:42:41.85 DEBUG:4651:tools/checkurl1.go:33: 新余公共频道|http://vod.xy0790.com.cn:9600/live/live2/tzwj_video.m3u8
/usr/bin/ffmpeg -i 'http://vod.xy0790.com.cn:9600/live/live2/tzwj_video.m3u8' -y -s 320x240 -vframes 1 aaa.jpg
2018-07-03 09:42:47 ERROR:4651:util/string.go:45: exit status 1
2018-07-03 09:42:47 DEBUG:4651:tools/checkurl1.go:33: 新余教育频道|http://vod.xy0790.com.cn:9600/live/live3/tzwj_video.m3u8
/usr/bin/ffmpeg -i 'http://vod.xy0790.com.cn:9600/live/live3/tzwj_video.m3u8' -y -s 320x240 -vframes 1 aaa.jpg
2018-07-03 09:42:52.133 ERROR:4651:util/string.go:45: exit status 1
2018-07-03 09:42:52.134 DEBUG:4651:tools/checkurl1.go:33: 瑞金综合|rtmp://61.180.70.56:1935/live/live1
/usr/bin/ffmpeg -i 'rtmp://61.180.70.56:1935/live/live1' -y -s 320x240 -vframes 1 aaa.jpg
2018-07-03 09:42:52.177 ERROR:4651:util/string.go:45: exit status 1
2018-07-03 09:42:52.177 DEBUG:4651:tools/checkurl1.go:33: 吉安新闻综合|rtmp://stream.ijatv.com/live/jatv1_sd
/usr/bin/ffmpeg -i 'rtmp://stream.ijatv.com/live/jatv1_sd' -y -s 320x240 -vframes 1 aaa.jpg
2018-07-03 09:42:57.321 ERROR:4651:util/string.go:45: exit status 1
2018-07-03 09:42:57.321 DEBUG:4651:tools/checkurl1.go:33: 吉安经济生活|rtmp://stream.ijatv.com/live/jatv2_sd
/usr/bin/ffmpeg -i 'rtmp://stream.ijatv.com/live/jatv2_sd' -y -s 320x240 -vframes 1 aaa.jpg
2018-07-03 09:43:02.445 ERROR:4651:util/string.go:45: exit status 1
2018-07-03 09:43:02.445 DEBUG:4651:tools/checkurl1.go:33: 抚州一台|rtmp://111.75.179.195:1935/live/fz1
/usr/bin/ffmpeg -i 'rtmp://111.75.179.195:1935/live/fz1' -y -s 320x240 -vframes 1 aaa.jpg
SUCCESS抚州一台	rtmp://111.75.179.195:1935/live/fz1
2018-07-03 09:43:04.444 DEBUG:4651:tools/checkurl1.go:33: 抚州二台|rtmp://111.75.179.195:1935/live/fz2
/usr/bin/ffmpeg -i 'rtmp://111.75.179.195:1935/live/fz2' -y -s 320x240 -vframes 1 aaa.jpg
SUCCESS抚州二台	rtmp://111.75.179.195:1935/live/fz2
2018-07-03 09:43:06.421 DEBUG:4651:tools/checkurl1.go:33: 抚州三台|rtmp://111.75.179.195:1935/live/fz3
/usr/bin/ffmpeg -i 'rtmp://111.75.179.195:1935/live/fz3' -y -s 320x240 -vframes 1 aaa.jpg
2018-07-03 09:43:16.421 DEBUG:4651:tools/checkurl1.go:33: 九江新闻综合|rtmp://live.jjntv.cn/live/c001
/usr/bin/ffmpeg -i 'rtmp://live.jjntv.cn/live/c001' -y -s 320x240 -vframes 1 aaa.jpg
SUCCESS九江新闻综合	rtmp://live.jjntv.cn/live/c001
2018-07-03 09:43:21.592 DEBUG:4651:tools/checkurl1.go:33: 九江民生|rtmp://live.jjntv.cn/live/c002
/usr/bin/ffmpeg -i 'rtmp://live.jjntv.cn/live/c002' -y -s 320x240 -vframes 1 aaa.jpg
SUCCESS九江民生	rtmp://live.jjntv.cn/live/c002
2018-07-03 09:43:26.527 DEBUG:4651:tools/checkurl1.go:33: 九江政法|rtmp://live.jjntv.cn/live/c003
/usr/bin/ffmpeg -i 'rtmp://live.jjntv.cn/live/c003' -y -s 320x240 -vframes 1 aaa.jpg
2018-07-03 09:43:26.865 ERROR:4651:util/string.go:45: exit status 1
2018-07-03 09:43:26.865 DEBUG:4651:tools/checkurl1.go:33: 九江旅游文娱|rtmp://live.jjntv.cn/live/c004
/usr/bin/ffmpeg -i 'rtmp://live.jjntv.cn/live/c004' -y -s 320x240 -vframes 1 aaa.jpg
2018-07-03 09:43:27.207 ERROR:4651:util/string.go:45: exit status 1
2018-07-03 09:43:27.207 DEBUG:4651:tools/checkurl1.go:33: 江西电影|http://live02.jxtvcn.com.cn/live/ef3f182f42c24b92a3c246de9bc43a16.m3u8?fmt=h264_500k_ts&m3u8
/usr/bin/ffmpeg -i 'http://live02.jxtvcn.com.cn/live/ef3f182f42c24b92a3c246de9bc43a16.m3u8?fmt=h264_500k_ts&m3u8' -y -s 320x240 -vframes 1 aaa.jpg
2018-07-03 09:43:27.298 ERROR:4651:util/string.go:45: exit status 1
2018-07-03 09:43:27.299 DEBUG:4651:tools/checkurl1.go:33: CCTV1|http://cdn.edu.datiancun.pw/hls/cctv1.m3u8
/usr/bin/ffmpeg -i 'http://cdn.edu.datiancun.pw/hls/cctv1.m3u8' -y -s 320x240 -vframes 1 aaa.jpg
2018-07-03 09:43:27.429 ERROR:4651:util/string.go:45: exit status 1
2018-07-03 09:43:27.429 DEBUG:4651:tools/checkurl1.go:33: CCTV1HD|http://cdn.edu.datiancun.pw/hls/cctv1hd.m3u8
/usr/bin/ffmpeg -i 'http://cdn.edu.datiancun.pw/hls/cctv1hd.m3u8' -y -s 320x240 -vframes 1 aaa.jpg
2018-07-03 09:43:27.627 ERROR:4651:util/string.go:45: exit status 1
2018-07-03 09:43:27.627 DEBUG:4651:tools/checkurl1.go:33: CCTV2|http://cdn.edu.datiancun.pw/hls/cctv2.m3u8
/usr/bin/ffmpeg -i 'http://cdn.edu.datiancun.pw/hls/cctv2.m3u8' -y -s 320x240 -vframes 1 aaa.jpg
2018-07-03 09:43:27.817 ERROR:4651:util/string.go:45: exit status 1
2018-07-03 09:43:27.817 DEBUG:4651:tools/checkurl1.go:33: CCTV3|http://cdn.edu.datiancun.pw/hls/cctv3.m3u8
/usr/bin/ffmpeg -i 'http://cdn.edu.datiancun.pw/hls/cctv3.m3u8' -y -s 320x240 -vframes 1 aaa.jpg
2018-07-03 09:43:27.951 ERROR:4651:util/string.go:45: exit status 1
2018-07-03 09:43:27.951 DEBUG:4651:tools/checkurl1.go:33: CCTV3HD|http://cdn.edu.datiancun.pw/hls/cctv3hd.m3u8
/usr/bin/ffmpeg -i 'http://cdn.edu.datiancun.pw/hls/cctv3hd.m3u8' -y -s 320x240 -vframes 1 aaa.jpg
2018-07-03 09:43:27.999 ERROR:4651:util/string.go:45: exit status 1
2018-07-03 09:43:27.999 DEBUG:4651:tools/checkurl1.go:33: CCTV4|http://cdn.edu.datiancun.pw/hls/cctv4.m3u8
/usr/bin/ffmpeg -i 'http://cdn.edu.datiancun.pw/hls/cctv4.m3u8' -y -s 320x240 -vframes 1 aaa.jpg
2018-07-03 09:43:28.114 ERROR:4651:util/string.go:45: exit status 1
2018-07-03 09:43:28.114 DEBUG:4651:tools/checkurl1.go:33: CCTV5|http://cdn.edu.datiancun.pw/hls/cctv5.m3u8
/usr/bin/ffmpeg -i 'http://cdn.edu.datiancun.pw/hls/cctv5.m3u8' -y -s 320x240 -vframes 1 aaa.jpg
2018-07-03 09:43:29.252 ERROR:4651:util/string.go:45: exit status 1
2018-07-03 09:43:29.252 DEBUG:4651:tools/checkurl1.go:33: CCTV5HD|http://cdn.edu.datiancun.pw/hls/cctv5hd.m3u8
/usr/bin/ffmpeg -i 'http://cdn.edu.datiancun.pw/hls/cctv5hd.m3u8' -y -s 320x240 -vframes 1 aaa.jpg
2018-07-03 09:43:29.46 ERROR:4651:util/string.go:45: exit status 1
2018-07-03 09:43:29.46 DEBUG:4651:tools/checkurl1.go:33: CCTV5+HD|http://cdn.edu.datiancun.pw/hls/cctv5phd.m3u8
/usr/bin/ffmpeg -i 'http://cdn.edu.datiancun.pw/hls/cctv5phd.m3u8' -y -s 320x240 -vframes 1 aaa.jpg
2018-07-03 09:43:29.801 ERROR:4651:util/string.go:45: exit status 1
2018-07-03 09:43:29.801 DEBUG:4651:tools/checkurl1.go:33: CCTV6|http://cdn.edu.datiancun.pw/hls/cctv6.m3u8
/usr/bin/ffmpeg -i 'http://cdn.edu.datiancun.pw/hls/cctv6.m3u8' -y -s 320x240 -vframes 1 aaa.jpg
2018-07-03 09:43:29.826 ERROR:4651:util/string.go:45: exit status 1
2018-07-03 09:43:29.826 DEBUG:4651:tools/checkurl1.go:33: CCTV6HD|http://cdn.edu.datiancun.pw/hls/cctv6hd.m3u8
/usr/bin/ffmpeg -i 'http://cdn.edu.datiancun.pw/hls/cctv6hd.m3u8' -y -s 320x240 -vframes 1 aaa.jpg
2018-07-03 09:43:29.94 ERROR:4651:util/string.go:45: exit status 1
2018-07-03 09:43:29.94 DEBUG:4651:tools/checkurl1.go:33: CCTV7|http://cdn.edu.datiancun.pw/hls/cctv7.m3u8
/usr/bin/ffmpeg -i 'http://cdn.edu.datiancun.pw/hls/cctv7.m3u8' -y -s 320x240 -vframes 1 aaa.jpg
2018-07-03 09:43:30.083 ERROR:4651:util/string.go:45: exit status 1
2018-07-03 09:43:30.083 DEBUG:4651:tools/checkurl1.go:33: CCTV8|http://cdn.edu.datiancun.pw/hls/cctv8.m3u8
/usr/bin/ffmpeg -i 'http://cdn.edu.datiancun.pw/hls/cctv8.m3u8' -y -s 320x240 -vframes 1 aaa.jpg
2018-07-03 09:43:30.226 ERROR:4651:util/string.go:45: exit status 1
2018-07-03 09:43:30.226 DEBUG:4651:tools/checkurl1.go:33: CCTV8HD|http://cdn.edu.datiancun.pw/hls/cctv8hd.m3u8
/usr/bin/ffmpeg -i 'http://cdn.edu.datiancun.pw/hls/cctv8hd.m3u8' -y -s 320x240 -vframes 1 aaa.jpg
2018-07-03 09:43:30.373 ERROR:4651:util/string.go:45: exit status 1
2018-07-03 09:43:30.373 DEBUG:4651:tools/checkurl1.go:33: CCTV9|http://cdn.edu.datiancun.pw/hls/cctv9.m3u8
/usr/bin/ffmpeg -i 'http://cdn.edu.datiancun.pw/hls/cctv9.m3u8' -y -s 320x240 -vframes 1 aaa.jpg
2018-07-03 09:43:30.493 ERROR:4651:util/string.go:45: exit status 1
2018-07-03 09:43:30.493 DEBUG:4651:tools/checkurl1.go:33: CCTV10|http://cdn.edu.datiancun.pw/hls/cctv10.m3u8
/usr/bin/ffmpeg -i 'http://cdn.edu.datiancun.pw/hls/cctv10.m3u8' -y -s 320x240 -vframes 1 aaa.jpg
2018-07-03 09:43:30.626 ERROR:4651:util/string.go:45: exit status 1
2018-07-03 09:43:30.626 DEBUG:4651:tools/checkurl1.go:33: CCTV11|http://cdn.edu.datiancun.pw/hls/cctv11.m3u8
/usr/bin/ffmpeg -i 'http://cdn.edu.datiancun.pw/hls/cctv11.m3u8' -y -s 320x240 -vframes 1 aaa.jpg
2018-07-03 09:43:30.678 ERROR:4651:util/string.go:45: exit status 1
2018-07-03 09:43:30.678 DEBUG:4651:tools/checkurl1.go:33: CCTV12|http://cdn.edu.datiancun.pw/hls/cctv12.m3u8
/usr/bin/ffmpeg -i 'http://cdn.edu.datiancun.pw/hls/cctv12.m3u8' -y -s 320x240 -vframes 1 aaa.jpg
2018-07-03 09:43:30.804 ERROR:4651:util/string.go:45: exit status 1
2018-07-03 09:43:30.804 DEBUG:4651:tools/checkurl1.go:33: CCTV13|http://cdn.edu.datiancun.pw/hls/cctv13.m3u8
/usr/bin/ffmpeg -i 'http://cdn.edu.datiancun.pw/hls/cctv13.m3u8' -y -s 320x240 -vframes 1 aaa.jpg
2018-07-03 09:43:30.941 ERROR:4651:util/string.go:45: exit status 1
2018-07-03 09:43:30.941 DEBUG:4651:tools/checkurl1.go:33: CCTV14|http://cdn.edu.datiancun.pw/hls/cctv14.m3u8
/usr/bin/ffmpeg -i 'http://cdn.edu.datiancun.pw/hls/cctv14.m3u8' -y -s 320x240 -vframes 1 aaa.jpg
2018-07-03 09:43:38.163 ERROR:4651:util/string.go:45: exit status 1
2018-07-03 09:43:38.163 DEBUG:4651:tools/checkurl1.go:33: CCTV15|http://cdn.edu.datiancun.pw/hls/cctv15.m3u8
/usr/bin/ffmpeg -i 'http://cdn.edu.datiancun.pw/hls/cctv15.m3u8' -y -s 320x240 -vframes 1 aaa.jpg
2018-07-03 09:43:38.236 ERROR:4651:util/string.go:45: exit status 1
2018-07-03 09:43:38.236 DEBUG:4651:tools/checkurl1.go:33: CCTV16|http://cdn.edu.datiancun.pw/hls/cctv16.m3u8
/usr/bin/ffmpeg -i 'http://cdn.edu.datiancun.pw/hls/cctv16.m3u8' -y -s 320x240 -vframes 1 aaa.jpg
2018-07-03 09:43:38.295 ERROR:4651:util/string.go:45: exit status 1
2018-07-03 09:43:38.296 DEBUG:4651:tools/checkurl1.go:33: CHC电影台HD|http://cdn.edu.datiancun.pw/hls/chchd.m3u8
/usr/bin/ffmpeg -i 'http://cdn.edu.datiancun.pw/hls/chchd.m3u8' -y -s 320x240 -vframes 1 aaa.jpg
2018-07-03 09:43:39.953 ERROR:4651:util/string.go:45: exit status 1
2018-07-03 09:43:39.953 DEBUG:4651:tools/checkurl1.go:33: 安徽卫视HD|http://cdn.edu.datiancun.pw/hls/ahhd.m3u8
/usr/bin/ffmpeg -i 'http://cdn.edu.datiancun.pw/hls/ahhd.m3u8' -y -s 320x240 -vframes 1 aaa.jpg
2018-07-03 09:43:40.35 ERROR:4651:util/string.go:45: exit status 1
2018-07-03 09:43:40.35 DEBUG:4651:tools/checkurl1.go:33: 北京卫视HD|http://cdn.edu.datiancun.pw/hls/btv1hd.m3u8
/usr/bin/ffmpeg -i 'http://cdn.edu.datiancun.pw/hls/btv1hd.m3u8' -y -s 320x240 -vframes 1 aaa.jpg
2018-07-03 09:43:40.479 ERROR:4651:util/string.go:45: exit status 1
2018-07-03 09:43:40.479 DEBUG:4651:tools/checkurl1.go:33: 东方卫视HD|http://cdn.edu.datiancun.pw/hls/dfhd.m3u8
/usr/bin/ffmpeg -i 'http://cdn.edu.datiancun.pw/hls/dfhd.m3u8' -y -s 320x240 -vframes 1 aaa.jpg
2018-07-03 09:43:40.618 ERROR:4651:util/string.go:45: exit status 1
2018-07-03 09:43:40.618 DEBUG:4651:tools/checkurl1.go:33: 广东卫视HD|http://cdn.edu.datiancun.pw/hls/gdhd.m3u8
/usr/bin/ffmpeg -i 'http://cdn.edu.datiancun.pw/hls/gdhd.m3u8' -y -s 320x240 -vframes 1 aaa.jpg
2018-07-03 09:43:40.661 ERROR:4651:util/string.go:45: exit status 1
2018-07-03 09:43:40.661 DEBUG:4651:tools/checkurl1.go:33: 湖北卫视HD|http://cdn.edu.datiancun.pw/hls/hbhd.m3u8
/usr/bin/ffmpeg -i 'http://cdn.edu.datiancun.pw/hls/hbhd.m3u8' -y -s 320x240 -vframes 1 aaa.jpg
2018-07-03 09:43:40.78 ERROR:4651:util/string.go:45: exit status 1
2018-07-03 09:43:40.78 DEBUG:4651:tools/checkurl1.go:33: 湖南卫视HD|http://cdn.edu.datiancun.pw/hls/hunanhd.m3u8
/usr/bin/ffmpeg -i 'http://cdn.edu.datiancun.pw/hls/hunanhd.m3u8' -y -s 320x240 -vframes 1 aaa.jpg
2018-07-03 09:43:40.809 ERROR:4651:util/string.go:45: exit status 1
2018-07-03 09:43:40.809 DEBUG:4651:tools/checkurl1.go:33: 江苏卫视HD|http://cdn.edu.datiancun.pw/hls/jshd.m3u8
/usr/bin/ffmpeg -i 'http://cdn.edu.datiancun.pw/hls/jshd.m3u8' -y -s 320x240 -vframes 1 aaa.jpg
2018-07-03 09:43:40.841 ERROR:4651:util/string.go:45: exit status 1
2018-07-03 09:43:40.841 DEBUG:4651:tools/checkurl1.go:33: 辽宁卫视HD|http://cdn.edu.datiancun.pw/hls/lnhd.m3u8
/usr/bin/ffmpeg -i 'http://cdn.edu.datiancun.pw/hls/lnhd.m3u8' -y -s 320x240 -vframes 1 aaa.jpg
2018-07-03 09:43:40.876 ERROR:4651:util/string.go:45: exit status 1
2018-07-03 09:43:40.876 DEBUG:4651:tools/checkurl1.go:33: 深圳卫视HD|http://cdn.edu.datiancun.pw/hls/szhd.m3u8
/usr/bin/ffmpeg -i 'http://cdn.edu.datiancun.pw/hls/szhd.m3u8' -y -s 320x240 -vframes 1 aaa.jpg
2018-07-03 09:43:40.986 ERROR:4651:util/string.go:45: exit status 1
2018-07-03 09:43:40.986 DEBUG:4651:tools/checkurl1.go:33: 山东卫视HD|http://cdn.edu.datiancun.pw/hls/sdhd.m3u8
/usr/bin/ffmpeg -i 'http://cdn.edu.datiancun.pw/hls/sdhd.m3u8' -y -s 320x240 -vframes 1 aaa.jpg
2018-07-03 09:43:42.088 ERROR:4651:util/string.go:45: exit status 1
2018-07-03 09:43:42.088 DEBUG:4651:tools/checkurl1.go:33: 天津卫视HD|http://cdn.edu.datiancun.pw/hls/tjhd.m3u8
/usr/bin/ffmpeg -i 'http://cdn.edu.datiancun.pw/hls/tjhd.m3u8' -y -s 320x240 -vframes 1 aaa.jpg
2018-07-03 09:43:42.116 ERROR:4651:util/string.go:45: exit status 1
2018-07-03 09:43:42.116 DEBUG:4651:tools/checkurl1.go:33: 浙江卫视HD|http://cdn.edu.datiancun.pw/hls/zjhd.m3u8
/usr/bin/ffmpeg -i 'http://cdn.edu.datiancun.pw/hls/zjhd.m3u8' -y -s 320x240 -vframes 1 aaa.jpg
2018-07-03 09:43:42.135 ERROR:4651:util/string.go:45: exit status 1
2018-07-03 09:43:42.135 DEBUG:4651:tools/checkurl1.go:33: 重庆卫视HD|http://cdn.edu.datiancun.pw/hls/cqhd.m3u8
/usr/bin/ffmpeg -i 'http://cdn.edu.datiancun.pw/hls/cqhd.m3u8' -y -s 320x240 -vframes 1 aaa.jpg
2018-07-03 09:43:43.235 ERROR:4651:util/string.go:45: exit status 1
2018-07-03 09:43:43.235 DEBUG:4651:tools/checkurl1.go:33: 黑龙江卫视HD|http://cdn.edu.datiancun.pw/hls/hljhd.m3u8
/usr/bin/ffmpeg -i 'http://cdn.edu.datiancun.pw/hls/hljhd.m3u8' -y -s 320x240 -vframes 1 aaa.jpg
2018-07-03 09:43:43.258 ERROR:4651:util/string.go:45: exit status 1
2018-07-03 09:43:43.258 DEBUG:4651:tools/checkurl1.go:33: 安徽卫视|http://cdn.edu.datiancun.pw/hls/ahtv.m3u8
/usr/bin/ffmpeg -i 'http://cdn.edu.datiancun.pw/hls/ahtv.m3u8' -y -s 320x240 -vframes 1 aaa.jpg
2018-07-03 09:43:43.3 ERROR:4651:util/string.go:45: exit status 1
2018-07-03 09:43:43.3 DEBUG:4651:tools/checkurl1.go:33: 北京卫视|http://cdn.edu.datiancun.pw/hls/btv1.m3u8
/usr/bin/ffmpeg -i 'http://cdn.edu.datiancun.pw/hls/btv1.m3u8' -y -s 320x240 -vframes 1 aaa.jpg
2018-07-03 09:43:43.398 ERROR:4651:util/string.go:45: exit status 1
2018-07-03 09:43:43.398 DEBUG:4651:tools/checkurl1.go:33: 东方卫视|http://cdn.edu.datiancun.pw/hls/dftv.m3u8
/usr/bin/ffmpeg -i 'http://cdn.edu.datiancun.pw/hls/dftv.m3u8' -y -s 320x240 -vframes 1 aaa.jpg
2018-07-03 09:43:43.422 ERROR:4651:util/string.go:45: exit status 1
2018-07-03 09:43:43.422 DEBUG:4651:tools/checkurl1.go:33: 浙江卫视|http://cdn.edu.datiancun.pw/hls/zjtv.m3u8
/usr/bin/ffmpeg -i 'http://cdn.edu.datiancun.pw/hls/zjtv.m3u8' -y -s 320x240 -vframes 1 aaa.jpg
2018-07-03 09:43:43.473 ERROR:4651:util/string.go:45: exit status 1
2018-07-03 09:43:43.473 DEBUG:4651:tools/checkurl1.go:33: 江苏卫视|http://cdn.edu.datiancun.pw/hls/jstv.m3u8
/usr/bin/ffmpeg -i 'http://cdn.edu.datiancun.pw/hls/jstv.m3u8' -y -s 320x240 -vframes 1 aaa.jpg
2018-07-03 09:43:43.588 ERROR:4651:util/string.go:45: exit status 1
2018-07-03 09:43:43.588 DEBUG:4651:tools/checkurl1.go:33: 湖南卫视|http://cdn.edu.datiancun.pw/hls/hunantv.m3u8
/usr/bin/ffmpeg -i 'http://cdn.edu.datiancun.pw/hls/hunantv.m3u8' -y -s 320x240 -vframes 1 aaa.jpg
2018-07-03 09:43:43.636 ERROR:4651:util/string.go:45: exit status 1
2018-07-03 09:43:43.636 DEBUG:4651:tools/checkurl1.go:33: 辽宁卫视|http://cdn.edu.datiancun.pw/hls/lntv.m3u8
/usr/bin/ffmpeg -i 'http://cdn.edu.datiancun.pw/hls/lntv.m3u8' -y -s 320x240 -vframes 1 aaa.jpg
2018-07-03 09:43:43.761 ERROR:4651:util/string.go:45: exit status 1
2018-07-03 09:43:43.761 DEBUG:4651:tools/checkurl1.go:33: 深圳卫视|http://cdn.edu.datiancun.pw/hls/sztv.m3u8
/usr/bin/ffmpeg -i 'http://cdn.edu.datiancun.pw/hls/sztv.m3u8' -y -s 320x240 -vframes 1 aaa.jpg
2018-07-03 09:43:43.891 ERROR:4651:util/string.go:45: exit status 1
2018-07-03 09:43:43.892 DEBUG:4651:tools/checkurl1.go:33: 山东卫视|http://cdn.edu.datiancun.pw/hls/sdtv.m3u8
/usr/bin/ffmpeg -i 'http://cdn.edu.datiancun.pw/hls/sdtv.m3u8' -y -s 320x240 -vframes 1 aaa.jpg
2018-07-03 09:43:43.94 ERROR:4651:util/string.go:45: exit status 1
2018-07-03 09:43:43.94 DEBUG:4651:tools/checkurl1.go:33: 广东卫视|http://cdn.edu.datiancun.pw/hls/gdtv.m3u8
/usr/bin/ffmpeg -i 'http://cdn.edu.datiancun.pw/hls/gdtv.m3u8' -y -s 320x240 -vframes 1 aaa.jpg
2018-07-03 09:43:43.966 ERROR:4651:util/string.go:45: exit status 1
2018-07-03 09:43:43.966 DEBUG:4651:tools/checkurl1.go:33: 湖北卫视|http://cdn.edu.datiancun.pw/hls/hbtv.m3u8
/usr/bin/ffmpeg -i 'http://cdn.edu.datiancun.pw/hls/hbtv.m3u8' -y -s 320x240 -vframes 1 aaa.jpg
2018-07-03 09:43:43.988 ERROR:4651:util/string.go:45: exit status 1
2018-07-03 09:43:43.988 DEBUG:4651:tools/checkurl1.go:33: 吉林卫视|http://cdn.edu.datiancun.pw/hls/jltv.m3u8
/usr/bin/ffmpeg -i 'http://cdn.edu.datiancun.pw/hls/jltv.m3u8' -y -s 320x240 -vframes 1 aaa.jpg
2018-07-03 09:43:44.008 ERROR:4651:util/string.go:45: exit status 1
2018-07-03 09:43:44.008 DEBUG:4651:tools/checkurl1.go:33: 旅游卫视|http://cdn.edu.datiancun.pw/hls/lytv.m3u8
/usr/bin/ffmpeg -i 'http://cdn.edu.datiancun.pw/hls/lytv.m3u8' -y -s 320x240 -vframes 1 aaa.jpg
2018-07-03 09:43:44.106 ERROR:4651:util/string.go:45: exit status 1
2018-07-03 09:43:44.106 DEBUG:4651:tools/checkurl1.go:33: 东南卫视|http://cdn.edu.datiancun.pw/hls/dntv.m3u8
/usr/bin/ffmpeg -i 'http://cdn.edu.datiancun.pw/hls/dntv.m3u8' -y -s 320x240 -vframes 1 aaa.jpg
2018-07-03 09:43:44.171 ERROR:4651:util/string.go:45: exit status 1
2018-07-03 09:43:44.171 DEBUG:4651:tools/checkurl1.go:33: 甘肃卫视|http://cdn.edu.datiancun.pw/hls/gstv.m3u8
/usr/bin/ffmpeg -i 'http://cdn.edu.datiancun.pw/hls/gstv.m3u8' -y -s 320x240 -vframes 1 aaa.jpg
2018-07-03 09:43:44.299 ERROR:4651:util/string.go:45: exit status 1
2018-07-03 09:43:44.299 DEBUG:4651:tools/checkurl1.go:33: 广西卫视|http://cdn.edu.datiancun.pw/hls/gxtv.m3u8
/usr/bin/ffmpeg -i 'http://cdn.edu.datiancun.pw/hls/gxtv.m3u8' -y -s 320x240 -vframes 1 aaa.jpg
2018-07-03 09:43:44.43 ERROR:4651:util/string.go:45: exit status 1
2018-07-03 09:43:44.43 DEBUG:4651:tools/checkurl1.go:33: 贵州卫视|http://cdn.edu.datiancun.pw/hls/gztv.m3u8
/usr/bin/ffmpeg -i 'http://cdn.edu.datiancun.pw/hls/gztv.m3u8' -y -s 320x240 -vframes 1 aaa.jpg
2018-07-03 09:43:44.564 ERROR:4651:util/string.go:45: exit status 1
2018-07-03 09:43:44.564 DEBUG:4651:tools/checkurl1.go:33: 河南卫视|http://cdn.edu.datiancun.pw/hls/hntv.m3u8
/usr/bin/ffmpeg -i 'http://cdn.edu.datiancun.pw/hls/hntv.m3u8' -y -s 320x240 -vframes 1 aaa.jpg
2018-07-03 09:43:44.691 ERROR:4651:util/string.go:45: exit status 1
2018-07-03 09:43:44.691 DEBUG:4651:tools/checkurl1.go:33: 河北卫视|http://cdn.edu.datiancun.pw/hls/hebtv.m3u8
/usr/bin/ffmpeg -i 'http://cdn.edu.datiancun.pw/hls/hebtv.m3u8' -y -s 320x240 -vframes 1 aaa.jpg
2018-07-03 09:43:44.739 ERROR:4651:util/string.go:45: exit status 1
2018-07-03 09:43:44.739 DEBUG:4651:tools/checkurl1.go:33: 黑龙江卫视|http://cdn.edu.datiancun.pw/hls/hljtv.m3u8
/usr/bin/ffmpeg -i 'http://cdn.edu.datiancun.pw/hls/hljtv.m3u8' -y -s 320x240 -vframes 1 aaa.jpg
2018-07-03 09:43:44.761 ERROR:4651:util/string.go:45: exit status 1
2018-07-03 09:43:44.761 DEBUG:4651:tools/checkurl1.go:33: 内蒙古卫视|http://cdn.edu.datiancun.pw/hls/nmtv.m3u8
/usr/bin/ffmpeg -i 'http://cdn.edu.datiancun.pw/hls/nmtv.m3u8' -y -s 320x240 -vframes 1 aaa.jpg
2018-07-03 09:43:44.865 ERROR:4651:util/string.go:45: exit status 1
2018-07-03 09:43:44.865 DEBUG:4651:tools/checkurl1.go:33: 宁夏卫视|http://cdn.edu.datiancun.pw/hls/nxtv.m3u8
/usr/bin/ffmpeg -i 'http://cdn.edu.datiancun.pw/hls/nxtv.m3u8' -y -s 320x240 -vframes 1 aaa.jpg
2018-07-03 09:43:44.917 ERROR:4651:util/string.go:45: exit status 1
2018-07-03 09:43:44.917 DEBUG:4651:tools/checkurl1.go:33: 青海卫视|http://cdn.edu.datiancun.pw/hls/qhtv.m3u8
/usr/bin/ffmpeg -i 'http://cdn.edu.datiancun.pw/hls/qhtv.m3u8' -y -s 320x240 -vframes 1 aaa.jpg
2018-07-03 09:43:45.057 ERROR:4651:util/string.go:45: exit status 1
2018-07-03 09:43:45.057 DEBUG:4651:tools/checkurl1.go:33: 陕西卫视|http://cdn.edu.datiancun.pw/hls/sxtv.m3u8
/usr/bin/ffmpeg -i 'http://cdn.edu.datiancun.pw/hls/sxtv.m3u8' -y -s 320x240 -vframes 1 aaa.jpg
2018-07-03 09:43:45.194 ERROR:4651:util/string.go:45: exit status 1
2018-07-03 09:43:45.194 DEBUG:4651:tools/checkurl1.go:33: 山西卫视|http://cdn.edu.datiancun.pw/hls/sxrtv.m3u8
/usr/bin/ffmpeg -i 'http://cdn.edu.datiancun.pw/hls/sxrtv.m3u8' -y -s 320x240 -vframes 1 aaa.jpg
2018-07-03 09:43:45.372 ERROR:4651:util/string.go:45: exit status 1
2018-07-03 09:43:45.373 DEBUG:4651:tools/checkurl1.go:33: 四川卫视|http://cdn.edu.datiancun.pw/hls/sctv.m3u8
/usr/bin/ffmpeg -i 'http://cdn.edu.datiancun.pw/hls/sctv.m3u8' -y -s 320x240 -vframes 1 aaa.jpg
2018-07-03 09:43:45.403 ERROR:4651:util/string.go:45: exit status 1
2018-07-03 09:43:45.403 DEBUG:4651:tools/checkurl1.go:33: 天津卫视|http://cdn.edu.datiancun.pw/hls/tjtv.m3u8
/usr/bin/ffmpeg -i 'http://cdn.edu.datiancun.pw/hls/tjtv.m3u8' -y -s 320x240 -vframes 1 aaa.jpg
2018-07-03 09:43:45.516 ERROR:4651:util/string.go:45: exit status 1
2018-07-03 09:43:45.516 DEBUG:4651:tools/checkurl1.go:33: 西藏卫视|http://cdn.edu.datiancun.pw/hls/xztv.m3u8
/usr/bin/ffmpeg -i 'http://cdn.edu.datiancun.pw/hls/xztv.m3u8' -y -s 320x240 -vframes 1 aaa.jpg
2018-07-03 09:43:47.265 ERROR:4651:util/string.go:45: exit status 1
2018-07-03 09:43:47.265 DEBUG:4651:tools/checkurl1.go:33: 新疆卫视|http://cdn.edu.datiancun.pw/hls/xjtv.m3u8
/usr/bin/ffmpeg -i 'http://cdn.edu.datiancun.pw/hls/xjtv.m3u8' -y -s 320x240 -vframes 1 aaa.jpg
2018-07-03 09:43:49.782 ERROR:4651:util/string.go:45: exit status 1
2018-07-03 09:43:49.782 DEBUG:4651:tools/checkurl1.go:33: 云南卫视|http://cdn.edu.datiancun.pw/hls/yntv.m3u8
/usr/bin/ffmpeg -i 'http://cdn.edu.datiancun.pw/hls/yntv.m3u8' -y -s 320x240 -vframes 1 aaa.jpg
2018-07-03 09:43:50.081 ERROR:4651:util/string.go:45: exit status 1
2018-07-03 09:43:50.081 DEBUG:4651:tools/checkurl1.go:33: 重庆卫视|http://cdn.edu.datiancun.pw/hls/cqtv.m3u8
/usr/bin/ffmpeg -i 'http://cdn.edu.datiancun.pw/hls/cqtv.m3u8' -y -s 320x240 -vframes 1 aaa.jpg
2018-07-03 09:43:50.109 ERROR:4651:util/string.go:45: exit status 1
2018-07-03 09:43:50.109 DEBUG:4651:tools/checkurl1.go:33: 江西卫视|http://cdn.edu.datiancun.pw/hls/jxtv.m3u8
/usr/bin/ffmpeg -i 'http://cdn.edu.datiancun.pw/hls/jxtv.m3u8' -y -s 320x240 -vframes 1 aaa.jpg
2018-07-03 09:43:51.119 ERROR:4651:util/string.go:45: exit status 1
2018-07-03 09:43:51.119 DEBUG:4651:tools/checkurl1.go:33: 北京财经|http://cdn.edu.datiancun.pw/hls/btv5.m3u8
/usr/bin/ffmpeg -i 'http://cdn.edu.datiancun.pw/hls/btv5.m3u8' -y -s 320x240 -vframes 1 aaa.jpg
2018-07-03 09:43:51.252 ERROR:4651:util/string.go:45: exit status 1
2018-07-03 09:43:51.252 DEBUG:4651:tools/checkurl1.go:33: 北京纪实|http://cdn.edu.datiancun.pw/hls/btv11hd.m3u8
/usr/bin/ffmpeg -i 'http://cdn.edu.datiancun.pw/hls/btv11hd.m3u8' -y -s 320x240 -vframes 1 aaa.jpg
2018-07-03 09:43:51.287 ERROR:4651:util/string.go:45: exit status 1
2018-07-03 09:43:51.287 DEBUG:4651:tools/checkurl1.go:33: 北京科教|http://cdn.edu.datiancun.pw/hls/btv3.m3u8
/usr/bin/ffmpeg -i 'http://cdn.edu.datiancun.pw/hls/btv3.m3u8' -y -s 320x240 -vframes 1 aaa.jpg
2018-07-03 09:44:01.287 DEBUG:4651:tools/checkurl1.go:33: 北京青年|http://cdn.edu.datiancun.pw/hls/btv8.m3u8
/usr/bin/ffmpeg -i 'http://cdn.edu.datiancun.pw/hls/btv8.m3u8' -y -s 320x240 -vframes 1 aaa.jpg
2018-07-03 09:44:01.317 ERROR:4651:util/string.go:45: exit status 1
2018-07-03 09:44:01.317 DEBUG:4651:tools/checkurl1.go:33: 北京卡酷|http://cdn.edu.datiancun.pw/hls/btv10.m3u8
/usr/bin/ffmpeg -i 'http://cdn.edu.datiancun.pw/hls/btv10.m3u8' -y -s 320x240 -vframes 1 aaa.jpg
2018-07-03 09:44:01.428 ERROR:4651:util/string.go:45: exit status 1
2018-07-03 09:44:01.428 DEBUG:4651:tools/checkurl1.go:33: 北京生活|http://cdn.edu.datiancun.pw/hls/btv7.m3u8
/usr/bin/ffmpeg -i 'http://cdn.edu.datiancun.pw/hls/btv7.m3u8' -y -s 320x240 -vframes 1 aaa.jpg
2018-07-03 09:44:01.457 ERROR:4651:util/string.go:45: exit status 1
2018-07-03 09:44:01.457 DEBUG:4651:tools/checkurl1.go:33: 北京体育|http://cdn.edu.datiancun.pw/hls/btv6hd.m3u8
/usr/bin/ffmpeg -i 'http://cdn.edu.datiancun.pw/hls/btv6hd.m3u8' -y -s 320x240 -vframes 1 aaa.jpg
2018-07-03 09:44:01.48 ERROR:4651:util/string.go:45: exit status 1
2018-07-03 09:44:01.48 DEBUG:4651:tools/checkurl1.go:33: 北京文艺|http://cdn.edu.datiancun.pw/hls/btv2hd.m3u8
/usr/bin/ffmpeg -i 'http://cdn.edu.datiancun.pw/hls/btv2hd.m3u8' -y -s 320x240 -vframes 1 aaa.jpg
2018-07-03 09:44:02.919 ERROR:4651:util/string.go:45: exit status 1
2018-07-03 09:44:02.919 DEBUG:4651:tools/checkurl1.go:33: 北京新闻|http://cdn.edu.datiancun.pw/hls/btv9.m3u8
/usr/bin/ffmpeg -i 'http://cdn.edu.datiancun.pw/hls/btv9.m3u8' -y -s 320x240 -vframes 1 aaa.jpg
2018-07-03 09:44:02.943 ERROR:4651:util/string.go:45: exit status 1
2018-07-03 09:44:02.943 DEBUG:4651:tools/checkurl1.go:33: 北京影视|http://cdn.edu.datiancun.pw/hls/btv4.m3u8
/usr/bin/ffmpeg -i 'http://cdn.edu.datiancun.pw/hls/btv4.m3u8' -y -s 320x240 -vframes 1 aaa.jpg
2018-07-03 09:44:02.964 ERROR:4651:util/string.go:45: exit status 1
2018-07-03 09:44:02.964 DEBUG:4651:tools/checkurl1.go:33: 湖南卫视|http://218.76.174.78:1935/live/hnws/playlist.m3u8
/usr/bin/ffmpeg -i 'http://218.76.174.78:1935/live/hnws/playlist.m3u8' -y -s 320x240 -vframes 1 aaa.jpg
2018-07-03 09:44:05.022 ERROR:4651:util/string.go:45: exit status 1
2018-07-03 09:44:08.087 ERROR:4651:util/string.go:45: exit status 1
2018-07-03 09:44:08.087 DEBUG:4651:tools/checkurl1.go:33: 湖南国际|http://175.6.15.36:8080/nn_live.m3u8?id=HNGJMPP360
/usr/bin/ffmpeg -i 'http://175.6.15.36:8080/nn_live.m3u8?id=HNGJMPP360' -y -s 320x240 -vframes 1 aaa.jpg
2018-07-03 09:44:08.259 ERROR:4651:util/string.go:45: exit status 1
2018-07-03 09:44:08.259 DEBUG:4651:tools/checkurl1.go:33: 湖南经视|http://175.6.15.36:8080/nn_live.m3u8?id=HNJSMPP360
/usr/bin/ffmpeg -i 'http://175.6.15.36:8080/nn_live.m3u8?id=HNJSMPP360' -y -s 320x240 -vframes 1 aaa.jpg
2018-07-03 09:44:08.426 ERROR:4651:util/string.go:45: exit status 1
2018-07-03 09:44:08.426 DEBUG:4651:tools/checkurl1.go:33: 湖南都市|http://175.6.15.36:8080/nn_live.m3u8?id=HNDSMPP360
/usr/bin/ffmpeg -i 'http://175.6.15.36:8080/nn_live.m3u8?id=HNDSMPP360' -y -s 320x240 -vframes 1 aaa.jpg
2018-07-03 09:44:08.594 ERROR:4651:util/string.go:45: exit status 1
2018-07-03 09:44:08.594 DEBUG:4651:tools/checkurl1.go:33: 湖南娱乐|http://175.6.15.36:8080/nn_live.m3u8?id=HNYLMPP360
/usr/bin/ffmpeg -i 'http://175.6.15.36:8080/nn_live.m3u8?id=HNYLMPP360' -y -s 320x240 -vframes 1 aaa.jpg
2018-07-03 09:44:08.768 ERROR:4651:util/string.go:45: exit status 1
2018-07-03 09:44:08.768 DEBUG:4651:tools/checkurl1.go:33: 湖南公共|http://175.6.15.36:8080/nn_live.m3u8?id=HNGGMPP360
/usr/bin/ffmpeg -i 'http://175.6.15.36:8080/nn_live.m3u8?id=HNGGMPP360' -y -s 320x240 -vframes 1 aaa.jpg
2018-07-03 09:44:08.931 ERROR:4651:util/string.go:45: exit status 1
2018-07-03 09:44:08.931 DEBUG:4651:tools/checkurl1.go:33: 湖南电视剧|http://175.6.15.36:8080/nn_live.m3u8?id=HNDSJMPP360
/usr/bin/ffmpeg -i 'http://175.6.15.36:8080/nn_live.m3u8?id=HNDSJMPP360' -y -s 320x240 -vframes 1 aaa.jpg
2018-07-03 09:44:09.106 ERROR:4651:util/string.go:45: exit status 1
2018-07-03 09:44:09.106 DEBUG:4651:tools/checkurl1.go:33: 湖南茶频道|http://175.6.15.36:8080/nn_live.m3u8?id=CPDMPP360
/usr/bin/ffmpeg -i 'http://175.6.15.36:8080/nn_live.m3u8?id=CPDMPP360' -y -s 320x240 -vframes 1 aaa.jpg
2018-07-03 09:44:09.266 ERROR:4651:util/string.go:45: exit status 1
2018-07-03 09:44:09.266 DEBUG:4651:tools/checkurl1.go:33: 湖南快乐购|http://175.6.15.36:8080/nn_live.m3u8?id=KLGMPP360
/usr/bin/ffmpeg -i 'http://175.6.15.36:8080/nn_live.m3u8?id=KLGMPP360' -y -s 320x240 -vframes 1 aaa.jpg
2018-07-03 09:44:09.445 ERROR:4651:util/string.go:45: exit status 1
2018-07-03 09:44:09.445 DEBUG:4651:tools/checkurl1.go:33: 金鹰纪实|http://175.6.15.36:8080/nn_live.m3u8?id=JYJSMPP360
/usr/bin/ffmpeg -i 'http://175.6.15.36:8080/nn_live.m3u8?id=JYJSMPP360' -y -s 320x240 -vframes 1 aaa.jpg
2018-07-03 09:44:09.61 ERROR:4651:util/string.go:45: exit status 1
2018-07-03 09:44:09.61 DEBUG:4651:tools/checkurl1.go:33: 金鹰卡通|http://175.6.15.36:8080/nn_live.m3u8?id=JYKTMPP360
/usr/bin/ffmpeg -i 'http://175.6.15.36:8080/nn_live.m3u8?id=JYKTMPP360' -y -s 320x240 -vframes 1 aaa.jpg
2018-07-03 09:44:09.77 ERROR:4651:util/string.go:45: exit status 1
2018-07-03 09:44:09.771 DEBUG:4651:tools/checkurl1.go:33: 先锋乒羽|http://175.6.15.36:8080/nn_live.m3u8?id=XFPYMPP360
/usr/bin/ffmpeg -i 'http://175.6.15.36:8080/nn_live.m3u8?id=XFPYMPP360' -y -s 320x240 -vframes 1 aaa.jpg
2018-07-03 09:44:09.945 ERROR:4651:util/string.go:45: exit status 1
2018-07-03 09:44:09.945 DEBUG:4651:tools/checkurl1.go:33: 快乐垂钓|http://175.6.15.36:8080/nn_live.m3u8?id=KLCDMPP360
/usr/bin/ffmpeg -i 'http://175.6.15.36:8080/nn_live.m3u8?id=KLCDMPP360' -y -s 320x240 -vframes 1 aaa.jpg
2018-07-03 09:44:10.112 ERROR:4651:util/string.go:45: exit status 1
2018-07-03 09:44:10.112 DEBUG:4651:tools/checkurl1.go:33: 四海钓鱼|http://175.6.15.36:8080/nn_live.m3u8?id=SHDYMPP360
/usr/bin/ffmpeg -i 'http://175.6.15.36:8080/nn_live.m3u8?id=SHDYMPP360' -y -s 320x240 -vframes 1 aaa.jpg
2018-07-03 09:44:10.286 ERROR:4651:util/string.go:45: exit status 1
2018-07-03 09:44:10.286 DEBUG:4651:tools/checkurl1.go:33: 常宁新闻综合|http://34871.hlsplay.aodianyun.com/guangdianyun_34871/program_live_channel_11677.m3u8
/usr/bin/ffmpeg -i 'http://34871.hlsplay.aodianyun.com/guangdianyun_34871/program_live_channel_11677.m3u8' -y -s 320x240 -vframes 1 aaa.jpg
2018-07-03 09:44:11.672 ERROR:4651:util/string.go:45: exit status 1
2018-07-03 09:44:11.672 DEBUG:4651:tools/checkurl1.go:33: 茶频道|http://pili-live-hls.mgk.hnxwlb.net/mangolive/MGY_HN_tea.m3u8
/usr/bin/ffmpeg -i 'http://pili-live-hls.mgk.hnxwlb.net/mangolive/MGY_HN_tea.m3u8' -y -s 320x240 -vframes 1 aaa.jpg
2018-07-03 09:44:11.711 ERROR:4651:util/string.go:45: exit status 1
2018-07-03 09:44:11.711 DEBUG:4651:tools/checkurl1.go:33: 湖南电视剧频道|http://pili-live-hls.mgk.hnxwlb.net/mangolive/MGY_HN_DSJ.m3u8
/usr/bin/ffmpeg -i 'http://pili-live-hls.mgk.hnxwlb.net/mangolive/MGY_HN_DSJ.m3u8' -y -s 320x240 -vframes 1 aaa.jpg
2018-07-03 09:44:11.747 ERROR:4651:util/string.go:45: exit status 1
2018-07-03 09:44:11.747 DEBUG:4651:tools/checkurl1.go:33: 湖南快乐购|http://pili-live-hls.mgk.hnxwlb.net/mangolive/MGY_HN_KLG.m3u8
/usr/bin/ffmpeg -i 'http://pili-live-hls.mgk.hnxwlb.net/mangolive/MGY_HN_KLG.m3u8' -y -s 320x240 -vframes 1 aaa.jpg
2018-07-03 09:44:11.787 ERROR:4651:util/string.go:45: exit status 1
2018-07-03 09:44:11.787 DEBUG:4651:tools/checkurl1.go:33: 湖南卫视快乐垂钓频道|http://pili-live-hls.mgk.hnxwlb.net/mangolive/MGY_HN_KLCD.m3u8
/usr/bin/ffmpeg -i 'http://pili-live-hls.mgk.hnxwlb.net/mangolive/MGY_HN_KLCD.m3u8' -y -s 320x240 -vframes 1 aaa.jpg
2018-07-03 09:44:11.83 ERROR:4651:util/string.go:45: exit status 1
2018-07-03 09:44:11.83 DEBUG:4651:tools/checkurl1.go:33: 先锋乒羽频道|http://pili-live-hls.mgk.hnxwlb.net/mangolive/MGY_HN_XFBY.m3u8
/usr/bin/ffmpeg -i 'http://pili-live-hls.mgk.hnxwlb.net/mangolive/MGY_HN_XFBY.m3u8' -y -s 320x240 -vframes 1 aaa.jpg
2018-07-03 09:44:11.872 ERROR:4651:util/string.go:45: exit status 1
2018-07-03 09:44:11.872 DEBUG:4651:tools/checkurl1.go:33: 湖南国际频道|http://pili-live-hls.mgk.hnxwlb.net/mangolive/MGY_HN_GJ.m3u8
/usr/bin/ffmpeg -i 'http://pili-live-hls.mgk.hnxwlb.net/mangolive/MGY_HN_GJ.m3u8' -y -s 320x240 -vframes 1 aaa.jpg
2018-07-03 09:44:11.91 ERROR:4651:util/string.go:45: exit status 1
2018-07-03 09:44:11.91 DEBUG:4651:tools/checkurl1.go:33: 湖南电视剧频道|http://pili-live-hls.mgk.hnxwlb.net/mangolive/MGY_HN_DSJ.m3u8
/usr/bin/ffmpeg -i 'http://pili-live-hls.mgk.hnxwlb.net/mangolive/MGY_HN_DSJ.m3u8' -y -s 320x240 -vframes 1 aaa.jpg
2018-07-03 09:44:11.952 ERROR:4651:util/string.go:45: exit status 1
2018-07-03 09:44:11.953 DEBUG:4651:tools/checkurl1.go:33: 金鹰卡通|http://pili-live-hls.mgk.hnxwlb.net/mangolive/MGY_HN_JYKT.m3u8
/usr/bin/ffmpeg -i 'http://pili-live-hls.mgk.hnxwlb.net/mangolive/MGY_HN_JYKT.m3u8' -y -s 320x240 -vframes 1 aaa.jpg
2018-07-03 09:44:11.999 ERROR:4651:util/string.go:45: exit status 1
2018-07-03 09:44:12 DEBUG:4651:tools/checkurl1.go:33: 金鹰纪实频道|http://pili-live-hls.mgk.hnxwlb.net/mangolive/MGY_HN_JYJS.m3u8
/usr/bin/ffmpeg -i 'http://pili-live-hls.mgk.hnxwlb.net/mangolive/MGY_HN_JYJS.m3u8' -y -s 320x240 -vframes 1 aaa.jpg
2018-07-03 09:44:12.065 ERROR:4651:util/string.go:45: exit status 1
2018-07-03 09:44:12.065 DEBUG:4651:tools/checkurl1.go:33: 湖南经视|http://pili-live-hls.mgk.hnxwlb.net/mangolive/MGY_HN_JS.m3u8
/usr/bin/ffmpeg -i 'http://pili-live-hls.mgk.hnxwlb.net/mangolive/MGY_HN_JS.m3u8' -y -s 320x240 -vframes 1 aaa.jpg
2018-07-03 09:44:12.114 ERROR:4651:util/string.go:45: exit status 1
2018-07-03 09:44:12.114 DEBUG:4651:tools/checkurl1.go:33: 湖南娱乐频道|http://pili-live-hls.mgk.hnxwlb.net/mangolive/MGY_HN_YL.m3u8
/usr/bin/ffmpeg -i 'http://pili-live-hls.mgk.hnxwlb.net/mangolive/MGY_HN_YL.m3u8' -y -s 320x240 -vframes 1 aaa.jpg
2018-07-03 09:44:12.175 ERROR:4651:util/string.go:45: exit status 1
2018-07-03 09:44:12.175 DEBUG:4651:tools/checkurl1.go:33: 湖南都市频道|http://pili-live-hls.mgk.hnxwlb.net/mangolive/MGY_HN_DS.m3u8
/usr/bin/ffmpeg -i 'http://pili-live-hls.mgk.hnxwlb.net/mangolive/MGY_HN_DS.m3u8' -y -s 320x240 -vframes 1 aaa.jpg
2018-07-03 09:44:12.224 ERROR:4651:util/string.go:45: exit status 1
2018-07-03 09:44:12.224 DEBUG:4651:tools/checkurl1.go:33: 湖南公共频道|http://pili-live-hls.mgk.hnxwlb.net/mangolive/MGY_HN_public.m3u8
/usr/bin/ffmpeg -i 'http://pili-live-hls.mgk.hnxwlb.net/mangolive/MGY_HN_public.m3u8' -y -s 320x240 -vframes 1 aaa.jpg
2018-07-03 09:44:12.263 ERROR:4651:util/string.go:45: exit status 1
2018-07-03 09:44:12.263 DEBUG:4651:tools/checkurl1.go:33: 湖南经视|http://175.6.15.36:8080/nn_live.m3u8?id=HNJSMPP360
/usr/bin/ffmpeg -i 'http://175.6.15.36:8080/nn_live.m3u8?id=HNJSMPP360' -y -s 320x240 -vframes 1 aaa.jpg
2018-07-03 09:44:12.461 ERROR:4651:util/string.go:45: exit status 1
2018-07-03 09:44:12.461 DEBUG:4651:tools/checkurl1.go:33: 湖南都视|http://175.6.15.36:8080/nn_live.m3u8?id=HNDSMPP360
/usr/bin/ffmpeg -i 'http://175.6.15.36:8080/nn_live.m3u8?id=HNDSMPP360' -y -s 320x240 -vframes 1 aaa.jpg
2018-07-03 09:44:12.622 ERROR:4651:util/string.go:45: exit status 1
2018-07-03 09:44:12.622 DEBUG:4651:tools/checkurl1.go:33: 湖南电影|http://124.232.231.246:6610/demo/000000001001/201600020005/1400.m3u8?IASHttpSessionId=SLB814220170427095145087715&m3u8_level=2&ispcode=8
/usr/bin/ffmpeg -i 'http://124.232.231.246:6610/demo/000000001001/201600020005/1400.m3u8?IASHttpSessionId=SLB814220170427095145087715&m3u8_level=2&ispcode=8' -y -s 320x240 -vframes 1 aaa.jpg
2018-07-03 09:44:12.665 ERROR:4651:util/string.go:45: exit status 1
2018-07-03 09:44:12.665 DEBUG:4651:tools/checkurl1.go:33: 湖南都市|http://live.ott.cdn.10086.cn:80/wh7f454c46tw2708944072_89779575/000000001000/hndushi/1.m3u8
/usr/bin/ffmpeg -i 'http://live.ott.cdn.10086.cn:80/wh7f454c46tw2708944072_89779575/000000001000/hndushi/1.m3u8' -y -s 320x240 -vframes 1 aaa.jpg
2018-07-03 09:44:12.752 ERROR:4651:util/string.go:45: exit status 1
2018-07-03 09:44:12.752 DEBUG:4651:tools/checkurl1.go:33: 湖南经视|http://live.ott.cdn.10086.cn:80/wh7f454c46tw11756955我是变态6721688/000000001000/hnjingshi/1.m3u8
/usr/bin/ffmpeg -i 'http://live.ott.cdn.10086.cn:80/wh7f454c46tw11756955我是变态6721688/000000001000/hnjingshi/1.m3u8' -y -s 320x240 -vframes 1 aaa.jpg
2018-07-03 09:44:22.753 DEBUG:4651:tools/checkurl1.go:33: 湖南电影|http://live.ott.cdn.10086.cn:80/wh7f454c46tw3244603612_1873250660/000000001000/xiaoxiangdy/1.m3u8
/usr/bin/ffmpeg -i 'http://live.ott.cdn.10086.cn:80/wh7f454c46tw3244603612_1873250660/000000001000/xiaoxiangdy/1.m3u8' -y -s 320x240 -vframes 1 aaa.jpg
2018-07-03 09:44:22.9 ERROR:4651:util/string.go:45: exit status 1
2018-07-03 09:44:22.9 DEBUG:4651:tools/checkurl1.go:33: 湖南电视剧|http://live.ott.cdn.10086.cn:80/wh7f454c46tw2696656925_1532885179/000000001000/hndianshiju/1.m3u8
/usr/bin/ffmpeg -i 'http://live.ott.cdn.10086.cn:80/wh7f454c46tw2696656925_1532885179/000000001000/hndianshiju/1.m3u8' -y -s 320x240 -vframes 1 aaa.jpg
2018-07-03 09:44:26.198 ERROR:4651:util/string.go:45: exit status 1
2018-07-03 09:44:26.198 DEBUG:4651:tools/checkurl1.go:33: 浏阳生活|http://58.20.59.58:8020/live/nvod1.stream_aac/chunklist_w203520975.m3u8
/usr/bin/ffmpeg -i 'http://58.20.59.58:8020/live/nvod1.stream_aac/chunklist_w203520975.m3u8' -y -s 320x240 -vframes 1 aaa.jpg
2018-07-03 09:44:26.23 ERROR:4651:util/string.go:45: exit status 1
2018-07-03 09:44:26.23 DEBUG:4651:tools/checkurl1.go:33: 浏阳新闻|http://58.20.59.58:8020/live/nvod4.stream_aac/playlist.m3u8
/usr/bin/ffmpeg -i 'http://58.20.59.58:8020/live/nvod4.stream_aac/playlist.m3u8' -y -s 320x240 -vframes 1 aaa.jpg
2018-07-03 09:44:26.256 ERROR:4651:util/string.go:45: exit status 1
2018-07-03 09:44:26.256 DEBUG:4651:tools/checkurl1.go:33: 湖南卫视|http://175.6.15.36:8080/nn_live.m3u8?id=HNWSMPP360
/usr/bin/ffmpeg -i 'http://175.6.15.36:8080/nn_live.m3u8?id=HNWSMPP360' -y -s 320x240 -vframes 1 aaa.jpg
2018-07-03 09:44:26.438 ERROR:4651:util/string.go:45: exit status 1
2018-07-03 09:44:26.438 DEBUG:4651:tools/checkurl1.go:33: 金鹰卡通|http://175.6.15.36:8080/nn_live.m3u8?id=JYKTMPP360
/usr/bin/ffmpeg -i 'http://175.6.15.36:8080/nn_live.m3u8?id=JYKTMPP360' -y -s 320x240 -vframes 1 aaa.jpg
2018-07-03 09:44:26.606 ERROR:4651:util/string.go:45: exit status 1
2018-07-03 09:44:26.606 DEBUG:4651:tools/checkurl1.go:33: 先锋乒羽|http://175.6.15.36:8080/nn_live.m3u8?id=XFPYMPP360
/usr/bin/ffmpeg -i 'http://175.6.15.36:8080/nn_live.m3u8?id=XFPYMPP360' -y -s 320x240 -vframes 1 aaa.jpg
2018-07-03 09:44:26.768 ERROR:4651:util/string.go:45: exit status 1
2018-07-03 09:44:26.768 DEBUG:4651:tools/checkurl1.go:33: 快乐垂钓|http://175.6.15.36:8080/nn_live.m3u8?id=KLCDMPP360
/usr/bin/ffmpeg -i 'http://175.6.15.36:8080/nn_live.m3u8?id=KLCDMPP360' -y -s 320x240 -vframes 1 aaa.jpg
2018-07-03 09:44:26.929 ERROR:4651:util/string.go:45: exit status 1
2018-07-03 09:44:26.929 DEBUG:4651:tools/checkurl1.go:33: 长沙新闻|http://175.6.15.36:8080/nn_live.m3u8?id=CSXWMPP360
/usr/bin/ffmpeg -i 'http://175.6.15.36:8080/nn_live.m3u8?id=CSXWMPP360' -y -s 320x240 -vframes 1 aaa.jpg
2018-07-03 09:44:27.107 ERROR:4651:util/string.go:45: exit status 1
2018-07-03 09:44:27.108 DEBUG:4651:tools/checkurl1.go:33: 长沙政法|http://175.6.15.36:8080/nn_live.m3u8?id=CSZFMPP360
/usr/bin/ffmpeg -i 'http://175.6.15.36:8080/nn_live.m3u8?id=CSZFMPP360' -y -s 320x240 -vframes 1 aaa.jpg
2018-07-03 09:44:27.268 ERROR:4651:util/string.go:45: exit status 1
2018-07-03 09:44:27.269 DEBUG:4651:tools/checkurl1.go:33: 长沙女性|http://175.6.15.36:8080/nn_live.m3u8?id=CSNXMPP360
/usr/bin/ffmpeg -i 'http://175.6.15.36:8080/nn_live.m3u8?id=CSNXMPP360' -y -s 320x240 -vframes 1 aaa.jpg
2018-07-03 09:44:27.441 ERROR:4651:util/string.go:45: exit status 1
2018-07-03 09:44:27.441 DEBUG:4651:tools/checkurl1.go:33: 江苏靓妆|http://175.6.15.36:8080/nn_live.m3u8?id=JSLZMPP360
/usr/bin/ffmpeg -i 'http://175.6.15.36:8080/nn_live.m3u8?id=JSLZMPP360' -y -s 320x240 -vframes 1 aaa.jpg
2018-07-03 09:44:27.618 ERROR:4651:util/string.go:45: exit status 1
2018-07-03 09:44:27.618 DEBUG:4651:tools/checkurl1.go:33: 四海钓鱼|http://175.6.15.36:8080/nn_live.m3u8?id=SHDYMPP360
/usr/bin/ffmpeg -i 'http://175.6.15.36:8080/nn_live.m3u8?id=SHDYMPP360' -y -s 320x240 -vframes 1 aaa.jpg
2018-07-03 09:44:27.788 ERROR:4651:util/string.go:45: exit status 1
2018-07-03 09:44:27.788 DEBUG:4651:tools/checkurl1.go:33: 湖南经视|http://175.6.15.36:8080/nn_live.m3u8?id=HNJSMPP360
/usr/bin/ffmpeg -i 'http://175.6.15.36:8080/nn_live.m3u8?id=HNJSMPP360' -y -s 320x240 -vframes 1 aaa.jpg
2018-07-03 09:44:27.967 ERROR:4651:util/string.go:45: exit status 1
2018-07-03 09:44:27.967 DEBUG:4651:tools/checkurl1.go:33: 湖南都视|http://175.6.15.36:8080/nn_live.m3u8?id=HNDSMPP360
/usr/bin/ffmpeg -i 'http://175.6.15.36:8080/nn_live.m3u8?id=HNDSMPP360' -y -s 320x240 -vframes 1 aaa.jpg
2018-07-03 09:44:28.153 ERROR:4651:util/string.go:45: exit status 1
2018-07-03 09:44:28.153 DEBUG:4651:tools/checkurl1.go:33: 湖南国际|http://175.6.15.36:8080/nn_live.m3u8?id=HNGJMPP360
/usr/bin/ffmpeg -i 'http://175.6.15.36:8080/nn_live.m3u8?id=HNGJMPP360' -y -s 320x240 -vframes 1 aaa.jpg
2018-07-03 09:44:28.334 ERROR:4651:util/string.go:45: exit status 1
2018-07-03 09:44:28.334 DEBUG:4651:tools/checkurl1.go:33: 湖南公共|http://175.6.15.36:8080/nn_live.m3u8?id=HNGGMPP360
/usr/bin/ffmpeg -i 'http://175.6.15.36:8080/nn_live.m3u8?id=HNGGMPP360' -y -s 320x240 -vframes 1 aaa.jpg
2018-07-03 09:44:28.527 ERROR:4651:util/string.go:45: exit status 1
2018-07-03 09:44:28.527 DEBUG:4651:tools/checkurl1.go:33: 湖南娱乐|http://175.6.15.36:8080/nn_live.m3u8?id=HNYLMPP360
/usr/bin/ffmpeg -i 'http://175.6.15.36:8080/nn_live.m3u8?id=HNYLMPP360' -y -s 320x240 -vframes 1 aaa.jpg
2018-07-03 09:44:28.703 ERROR:4651:util/string.go:45: exit status 1
2018-07-03 09:44:28.703 DEBUG:4651:tools/checkurl1.go:33: 湖南电视剧|http://175.6.15.36:8080/nn_live.m3u8?id=HNDSJMPP360
/usr/bin/ffmpeg -i 'http://175.6.15.36:8080/nn_live.m3u8?id=HNDSJMPP360' -y -s 320x240 -vframes 1 aaa.jpg
2018-07-03 09:44:28.869 ERROR:4651:util/string.go:45: exit status 1
2018-07-03 09:44:28.869 DEBUG:4651:tools/checkurl1.go:33: 湖南快乐购|http://175.6.15.36:8080/nn_live.m3u8?id=KLGMPP360
/usr/bin/ffmpeg -i 'http://175.6.15.36:8080/nn_live.m3u8?id=KLGMPP360' -y -s 320x240 -vframes 1 aaa.jpg
2018-07-03 09:44:29.048 ERROR:4651:util/string.go:45: exit status 1
2018-07-03 09:44:29.048 DEBUG:4651:tools/checkurl1.go:33: 湖南茶频道|http://175.6.15.36:8080/nn_live.m3u8?id=CPDMPP360
/usr/bin/ffmpeg -i 'http://175.6.15.36:8080/nn_live.m3u8?id=CPDMPP360' -y -s 320x240 -vframes 1 aaa.jpg
2018-07-03 09:44:29.212 ERROR:4651:util/string.go:45: exit status 1
2018-07-03 09:44:29.212 DEBUG:4651:tools/checkurl1.go:33: 金鹰纪实|http://175.6.15.36:8080/nn_live.m3u8?id=JYJSMPP360
/usr/bin/ffmpeg -i 'http://175.6.15.36:8080/nn_live.m3u8?id=JYJSMPP360' -y -s 320x240 -vframes 1 aaa.jpg
2018-07-03 09:44:29.367 ERROR:4651:util/string.go:45: exit status 1
2018-07-03 09:44:29.367 DEBUG:4651:tools/checkurl1.go:33: http://59.110.136.3:8080/hntvhd?id=001
/usr/bin/ffmpeg -i 'http://59.110.136.3:8080/hntvhd?id=001' -y -s 320x240 -vframes 1 aaa.jpg
2018-07-03 09:44:34.489 ERROR:4651:util/string.go:45: exit status 1
2018-07-03 09:44:34.489 DEBUG:4651:tools/checkurl1.go:33: http://59.110.136.3:8080/hntvhd?id=060
/usr/bin/ffmpeg -i 'http://59.110.136.3:8080/hntvhd?id=060' -y -s 320x240 -vframes 1 aaa.jpg
2018-07-03 09:44:37.619 ERROR:4651:util/string.go:45: exit status 1
2018-07-03 09:44:39.618 ERROR:4651:util/string.go:45: exit status 1
2018-07-03 09:44:39.618 DEBUG:4651:tools/checkurl1.go:33: 湖南经视|http://175.6.15.36:8080/nn_live.m3u8?id=HNJSMPP360
/usr/bin/ffmpeg -i 'http://175.6.15.36:8080/nn_live.m3u8?id=HNJSMPP360' -y -s 320x240 -vframes 1 aaa.jpg
2018-07-03 09:44:39.803 ERROR:4651:util/string.go:45: exit status 1
2018-07-03 09:44:39.803 DEBUG:4651:tools/checkurl1.go:33: 湖南都视|http://175.6.15.36:8080/nn_live.m3u8?id=HNDSMPP360
/usr/bin/ffmpeg -i 'http://175.6.15.36:8080/nn_live.m3u8?id=HNDSMPP360' -y -s 320x240 -vframes 1 aaa.jpg
2018-07-03 09:44:39.987 ERROR:4651:util/string.go:45: exit status 1
2018-07-03 09:44:39.987 DEBUG:4651:tools/checkurl1.go:33: 湖南国际|http://175.6.15.36:8080/nn_live.m3u8?id=HNGJMPP360
/usr/bin/ffmpeg -i 'http://175.6.15.36:8080/nn_live.m3u8?id=HNGJMPP360' -y -s 320x240 -vframes 1 aaa.jpg
2018-07-03 09:44:40.164 ERROR:4651:util/string.go:45: exit status 1
2018-07-03 09:44:40.164 DEBUG:4651:tools/checkurl1.go:33: 湖南公共|http://175.6.15.36:8080/nn_live.m3u8?id=HNGGMPP360
/usr/bin/ffmpeg -i 'http://175.6.15.36:8080/nn_live.m3u8?id=HNGGMPP360' -y -s 320x240 -vframes 1 aaa.jpg
2018-07-03 09:44:40.325 ERROR:4651:util/string.go:45: exit status 1
2018-07-03 09:44:40.325 DEBUG:4651:tools/checkurl1.go:33: 湖南娱乐|http://175.6.15.36:8080/nn_live.m3u8?id=HNYLMPP360
/usr/bin/ffmpeg -i 'http://175.6.15.36:8080/nn_live.m3u8?id=HNYLMPP360' -y -s 320x240 -vframes 1 aaa.jpg
2018-07-03 09:44:40.486 ERROR:4651:util/string.go:45: exit status 1
2018-07-03 09:44:40.486 DEBUG:4651:tools/checkurl1.go:33: 湖南电视剧|http://175.6.15.36:8080/nn_live.m3u8?id=HNDSJMPP360
/usr/bin/ffmpeg -i 'http://175.6.15.36:8080/nn_live.m3u8?id=HNDSJMPP360' -y -s 320x240 -vframes 1 aaa.jpg
2018-07-03 09:44:40.629 ERROR:4651:util/string.go:45: exit status 1
2018-07-03 09:44:40.629 DEBUG:4651:tools/checkurl1.go:33: 湖南茶频道|http://175.6.15.36:8080/nn_live.m3u8?id=CPDMPP360
/usr/bin/ffmpeg -i 'http://175.6.15.36:8080/nn_live.m3u8?id=CPDMPP360' -y -s 320x240 -vframes 1 aaa.jpg
2018-07-03 09:44:40.784 ERROR:4651:util/string.go:45: exit status 1
2018-07-03 09:44:40.784 DEBUG:4651:tools/checkurl1.go:33: 金鹰纪实|http://175.6.15.36:8080/nn_live.m3u8?id=JYJSMPP360
/usr/bin/ffmpeg -i 'http://175.6.15.36:8080/nn_live.m3u8?id=JYJSMPP360' -y -s 320x240 -vframes 1 aaa.jpg
2018-07-03 09:44:40.931 ERROR:4651:util/string.go:45: exit status 1
2018-07-03 09:44:40.931 DEBUG:4651:tools/checkurl1.go:33: 快乐垂钓|http://175.6.15.36:8080/nn_live.m3u8?id=KLCDMPP360
/usr/bin/ffmpeg -i 'http://175.6.15.36:8080/nn_live.m3u8?id=KLCDMPP360' -y -s 320x240 -vframes 1 aaa.jpg
2018-07-03 09:44:41.099 ERROR:4651:util/string.go:45: exit status 1
2018-07-03 09:44:41.099 DEBUG:4651:tools/checkurl1.go:33: 长沙新闻|http://175.6.15.36:8080/nn_live.m3u8?id=CSXWMPP360
/usr/bin/ffmpeg -i 'http://175.6.15.36:8080/nn_live.m3u8?id=CSXWMPP360' -y -s 320x240 -vframes 1 aaa.jpg
2018-07-03 09:44:41.253 ERROR:4651:util/string.go:45: exit status 1
2018-07-03 09:44:41.253 DEBUG:4651:tools/checkurl1.go:33: 长沙政法|http://175.6.15.36:8080/nn_live.m3u8?id=CSZFMPP360
/usr/bin/ffmpeg -i 'http://175.6.15.36:8080/nn_live.m3u8?id=CSZFMPP360' -y -s 320x240 -vframes 1 aaa.jpg
2018-07-03 09:44:41.379 ERROR:4651:util/string.go:45: exit status 1
2018-07-03 09:44:41.379 DEBUG:4651:tools/checkurl1.go:33: 长沙女性|http://175.6.15.36:8080/nn_live.m3u8?id=CSNXMPP360
/usr/bin/ffmpeg -i 'http://175.6.15.36:8080/nn_live.m3u8?id=CSNXMPP360' -y -s 320x240 -vframes 1 aaa.jpg
2018-07-03 09:44:41.552 ERROR:4651:util/string.go:45: exit status 1
2018-07-03 09:44:41.552 DEBUG:4651:tools/checkurl1.go:33: 
/usr/bin/ffmpeg -i '' -y -s 320x240 -vframes 1 aaa.jpg
2018-07-03 09:44:41.571 ERROR:4651:util/string.go:45: exit status 1
2018-07-03 09:44:41.571 DEBUG:4651:tools/checkurl1.go:33: 
/usr/bin/ffmpeg -i '' -y -s 320x240 -vframes 1 aaa.jpg
2018-07-03 09:44:41.591 ERROR:4651:util/string.go:45: exit status 1
2018-07-03 09:44:41.591 DEBUG:4651:tools/checkurl1.go:33: 
/usr/bin/ffmpeg -i '' -y -s 320x240 -vframes 1 aaa.jpg
2018-07-03 09:44:41.611 ERROR:4651:util/string.go:45: exit status 1
