INFO     com.xk72.proxy.http2.Http2ProxyHandler.FrameHandler   #353056442 [tunion-api.m.taobao.com] CLIENT frame handler error
java.net.SocketException: 断开的管道 (Write failed)
	at java.net.SocketOutputStream.socketWrite0(Native Method)
	at java.net.SocketOutputStream.socketWrite(SocketOutputStream.java:111)
	at java.net.SocketOutputStream.write(SocketOutputStream.java:155)
	at com.xk72.throttle.LatencyOutputStream.write(Unknown Source)
	at com.xk72.throttle.Dheu.write(Unknown Source)
	at com.xk72.proxy.ssl.pGRV.write(Unknown Source)
	at sun.security.ssl.OutputRecord.writeBuffer(OutputRecord.java:431)
	at sun.security.ssl.OutputRecord.write(OutputRecord.java:417)
	at sun.security.ssl.SSLSocketImpl.writeRecordInternal(SSLSocketImpl.java:886)
	at sun.security.ssl.SSLSocketImpl.writeRecord(SSLSocketImpl.java:857)
	at sun.security.ssl.AppOutputStream.write(AppOutputStream.java:123)
	at java.io.BufferedOutputStream.flushBuffer(BufferedOutputStream.java:82)
	at java.io.BufferedOutputStream.flush(BufferedOutputStream.java:140)
	at java.io.FilterOutputStream.flush(FilterOutputStream.java:140)
	at com.xk72.proxy.http2.Frame.PpPw(Unknown Source)
	at com.xk72.proxy.http2.Http2ProxyHandler$Http2EndPoint.WPsu(Unknown Source)
	at com.xk72.proxy.http2.jumq.run(Unknown Source)
	at com.xk72.util.RYll.run(Unknown Source)
	at java.util.concurrent.Executors$RunnableAdapter.call(Executors.java:511)
	at java.util.concurrent.FutureTask.run(FutureTask.java:266)
	at java.util.concurrent.ThreadPoolExecutor.runWorker(ThreadPoolExecutor.java:1149)
	at java.util.concurrent.ThreadPoolExecutor$Worker.run(ThreadPoolExecutor.java:624)
	at java.lang.Thread.run(Thread.java:748)
INFO     com.xk72.proxy.http2.Http2ProxyHandler.FrameHandler   #1341412812 [api.amemv.com] SERVER frame handler error
javax.net.ssl.SSLException: Connection has been shutdown: javax.net.ssl.SSLException: java.net.SocketException: Connection reset
	at sun.security.ssl.SSLSocketImpl.checkEOF(SSLSocketImpl.java:1551)
	at sun.security.ssl.SSLSocketImpl.checkWrite(SSLSocketImpl.java:1563)
	at sun.security.ssl.AppOutputStream.write(AppOutputStream.java:71)
	at java.io.BufferedOutputStream.flushBuffer(BufferedOutputStream.java:82)
	at java.io.BufferedOutputStream.flush(BufferedOutputStream.java:140)
	at java.io.FilterOutputStream.flush(FilterOutputStream.java:140)
	at com.xk72.proxy.http2.Frame.PpPw(Unknown Source)
	at com.xk72.proxy.http2.Http2ProxyHandler$Http2EndPoint.WPsu(Unknown Source)
	at com.xk72.proxy.http2.jumq.run(Unknown Source)
	at com.xk72.util.RYll.run(Unknown Source)
	at java.util.concurrent.Executors$RunnableAdapter.call(Executors.java:511)
	at java.util.concurrent.FutureTask.run(FutureTask.java:266)
	at java.util.concurrent.ThreadPoolExecutor.runWorker(ThreadPoolExecutor.java:1149)
	at java.util.concurrent.ThreadPoolExecutor$Worker.run(ThreadPoolExecutor.java:624)
	at java.lang.Thread.run(Thread.java:748)
Caused by: javax.net.ssl.SSLException: java.net.SocketException: Connection reset
	at sun.security.ssl.Alerts.getSSLException(Alerts.java:219)
	at sun.security.ssl.SSLSocketImpl.fatal(SSLSocketImpl.java:1964)
	at sun.security.ssl.SSLSocketImpl.fatal(SSLSocketImpl.java:1921)
	at sun.security.ssl.SSLSocketImpl.handleException(SSLSocketImpl.java:1885)
	at sun.security.ssl.SSLSocketImpl.handleException(SSLSocketImpl.java:1830)
	at sun.security.ssl.AppInputStream.read(AppInputStream.java:116)
	at java.io.FilterInputStream.read(FilterInputStream.java:133)
	at java.io.PushbackInputStream.read(PushbackInputStream.java:186)
	at com.xk72.proxy.io.MHsT.read(Unknown Source)
	at com.xk72.proxy.io.MHsT.wAkp(Unknown Source)
	at com.xk72.proxy.http2.Frame.PpPw(Unknown Source)
	at com.xk72.proxy.http2.AEMH.PpPw(Unknown Source)
	... 7 more
Caused by: java.net.SocketException: Connection reset
	at java.net.SocketInputStream.read(SocketInputStream.java:210)
	at java.net.SocketInputStream.read(SocketInputStream.java:141)
	at java.io.FilterInputStream.read(FilterInputStream.java:133)
	at com.xk72.proxy.io.nCmZ.read(Unknown Source)
	at java.io.FilterInputStream.read(FilterInputStream.java:133)
	at com.xk72.proxy.ssl.nBEL.read(Unknown Source)
	at sun.security.ssl.InputRecord.readFully(InputRecord.java:465)
	at sun.security.ssl.InputRecord.read(InputRecord.java:503)
	at sun.security.ssl.SSLSocketImpl.readRecord(SSLSocketImpl.java:983)
	at sun.security.ssl.SSLSocketImpl.readDataRecord(SSLSocketImpl.java:940)
	at sun.security.ssl.AppInputStream.read(AppInputStream.java:105)
	... 13 more
